<?xml version="1.0" encoding="UTF-8"?>
<testsuite xmlns:xsi="http://www.w3.org/2001/XMLSchema-instance" xsi:noNamespaceSchemaLocation="https://maven.apache.org/surefire/maven-surefire-plugin/xsd/surefire-test-report.xsd" name="com.wzx.service.impl.UserServiceImplTest" time="0.002" tests="3" errors="0" skipped="0" failures="3">
  <properties>
[...]
</properties>
  <testcase name="warning" classname="junit.framework.TestSuite$1" time="0.001">
    <failure message="Exception in constructor: testExistID (java.lang.NoClassDefFoundError: org/apache/commons/dbutils/ResultSetHandler&#10;	at com.wzx.service.impl.UserServiceImpl.&lt;init&gt;(UserServiceImpl.java:9)&#10;	at com.wzx.service.impl.UserServiceImplTest.&lt;init&gt;(UserServiceImplTest.java:9)&#10;	at sun.reflect.NativeConstructorAccessorImpl.newInstance0(Native Method)&#10;	at sun.reflect.NativeConstructorAccessorImpl.newInstance(NativeConstructorAccessorImpl.java:62)&#10;	at sun.reflect.DelegatingConstructorAccessorImpl.newInstance(DelegatingConstructorAccessorImpl.java:45)&#10;	at java.lang.reflect.Constructor.newInstance(Constructor.java:423)&#10;	at junit.framework.TestSuite.createTest(TestSuite.java:63)&#10;	at junit.framework.TestSuite.addTestMethod(TestSuite.java:310)&#10;	at junit.framework.TestSuite.addTestsFromTestCase(TestSuite.java:153)&#10;	at junit.framework.TestSuite.&lt;init&gt;(TestSuite.java:132)&#10;	at org.junit.internal.runners.JUnit38ClassRunner.&lt;init&gt;(JUnit38ClassRunner.java:72)&#10;	at org.junit.internal.builders.JUnit3Builder.runnerForClass(JUnit3Builder.java:11)&#10;	at org.junit.runners.model.RunnerBuilder.safeRunnerForClass(RunnerBuilder.java:59)&#10;	at org.junit.internal.builders.AllDefaultPossibilitiesBuilder.runnerForClass(AllDefaultPossibilitiesBuilder.java:26)&#10;	at org.junit.runners.model.RunnerBuilder.safeRunnerForClass(RunnerBuilder.java:59)&#10;	at org.junit.internal.requests.ClassRequest.getRunner(ClassRequest.java:26)&#10;	at org.apache.maven.surefire.junit4.JUnit4Provider.execute(JUnit4Provider.java:362)&#10;	at org.apache.maven.surefire.junit4.JUnit4Provider.executeWithRerun(JUnit4Provider.java:273)&#10;	at org.apache.maven.surefire.junit4.JUnit4Provider.executeTestSet(JUnit4Provider.java:238)&#10;	at org.apache.maven.surefire.junit4.JUnit4Provider.invoke(JUnit4Provider.java:159)&#10;	at org.apache.maven.surefire.booter.ForkedBooter.invokeProviderInSameClassLoader(ForkedBooter.java:384)&#10;	at org.apache.maven.surefire.booter.ForkedBooter.runSuitesInProcess(ForkedBooter.java:345)&#10;	at org.apache.maven.surefire.booter.ForkedBooter.execute(ForkedBooter.java:126)&#10;	at org.apache.maven.surefire.booter.ForkedBooter.main(ForkedBooter.java:418)&#10;Caused by: java.lang.ClassNotFoundException: org.apache.commons.dbutils.ResultSetHandler&#10;	at java.net.URLClassLoader.findClass(URLClassLoader.java:382)&#10;	at java.lang.ClassLoader.loadClass(ClassLoader.java:418)&#10;	at sun.misc.Launcher$AppClassLoader.loadClass(Launcher.java:355)&#10;	at java.lang.ClassLoader.loadClass(ClassLoader.java:351)&#10;	... 24 more&#10;)" type="junit.framework.AssertionFailedError"><![CDATA[junit.framework.AssertionFailedError: 
Exception in constructor: testExistID (java.lang.NoClassDefFoundError: org/apache/commons/dbutils/ResultSetHandler
	at com.wzx.service.impl.UserServiceImpl.<init>(UserServiceImpl.java:9)
	at com.wzx.service.impl.UserServiceImplTest.<init>(UserServiceImplTest.java:9)
	at sun.reflect.NativeConstructorAccessorImpl.newInstance0(Native Method)
	at sun.reflect.NativeConstructorAccessorImpl.newInstance(NativeConstructorAccessorImpl.java:62)
	at sun.reflect.DelegatingConstructorAccessorImpl.newInstance(DelegatingConstructorAccessorImpl.java:45)
	at java.lang.reflect.Constructor.newInstance(Constructor.java:423)
	at junit.framework.TestSuite.createTest(TestSuite.java:63)
	at junit.framework.TestSuite.addTestMethod(TestSuite.java:310)
	at junit.framework.TestSuite.addTestsFromTestCase(TestSuite.java:153)
	at junit.framework.TestSuite.<init>(TestSuite.java:132)
	at org.junit.internal.runners.JUnit38ClassRunner.<init>(JUnit38ClassRunner.java:72)
	at org.junit.internal.builders.JUnit3Builder.runnerForClass(JUnit3Builder.java:11)
	at org.junit.runners.model.RunnerBuilder.safeRunnerForClass(RunnerBuilder.java:59)
	at org.junit.internal.builders.AllDefaultPossibilitiesBuilder.runnerForClass(AllDefaultPossibilitiesBuilder.java:26)
	at org.junit.runners.model.RunnerBuilder.safeRunnerForClass(RunnerBuilder.java:59)
	at org.junit.internal.requests.ClassRequest.getRunner(ClassRequest.java:26)
	at org.apache.maven.surefire.junit4.JUnit4Provider.execute(JUnit4Provider.java:362)
	at org.apache.maven.surefire.junit4.JUnit4Provider.executeWithRerun(JUnit4Provider.java:273)
	at org.apache.maven.surefire.junit4.JUnit4Provider.executeTestSet(JUnit4Provider.java:238)
	at org.apache.maven.surefire.junit4.JUnit4Provider.invoke(JUnit4Provider.java:159)
	at org.apache.maven.surefire.booter.ForkedBooter.invokeProviderInSameClassLoader(ForkedBooter.java:384)
	at org.apache.maven.surefire.booter.ForkedBooter.runSuitesInProcess(ForkedBooter.java:345)
	at org.apache.maven.surefire.booter.ForkedBooter.execute(ForkedBooter.java:126)
	at org.apache.maven.surefire.booter.ForkedBooter.main(ForkedBooter.java:418)
Caused by: java.lang.ClassNotFoundException: org.apache.commons.dbutils.ResultSetHandler
	at java.net.URLClassLoader.findClass(URLClassLoader.java:382)
	at java.lang.ClassLoader.loadClass(ClassLoader.java:418)
	at sun.misc.Launcher$AppClassLoader.loadClass(Launcher.java:355)
	at java.lang.ClassLoader.loadClass(ClassLoader.java:351)
	... 24 more
)
	at junit.framework.TestSuite$1.runTest(TestSuite.java:100)
]]></failure>
  </testcase>
  <testcase name="warning" classname="junit.framework.TestSuite$1" time="0">
    <failure message="Exception in constructor: testLogin (java.lang.NoClassDefFoundError: org/apache/commons/dbutils/ResultSetHandler&#10;	at com.wzx.service.impl.UserServiceImpl.&lt;init&gt;(UserServiceImpl.java:9)&#10;	at com.wzx.service.impl.UserServiceImplTest.&lt;init&gt;(UserServiceImplTest.java:9)&#10;	at sun.reflect.NativeConstructorAccessorImpl.newInstance0(Native Method)&#10;	at sun.reflect.NativeConstructorAccessorImpl.newInstance(NativeConstructorAccessorImpl.java:62)&#10;	at sun.reflect.DelegatingConstructorAccessorImpl.newInstance(DelegatingConstructorAccessorImpl.java:45)&#10;	at java.lang.reflect.Constructor.newInstance(Constructor.java:423)&#10;	at junit.framework.TestSuite.createTest(TestSuite.java:63)&#10;	at junit.framework.TestSuite.addTestMethod(TestSuite.java:310)&#10;	at junit.framework.TestSuite.addTestsFromTestCase(TestSuite.java:153)&#10;	at junit.framework.TestSuite.&lt;init&gt;(TestSuite.java:132)&#10;	at org.junit.internal.runners.JUnit38ClassRunner.&lt;init&gt;(JUnit38ClassRunner.java:72)&#10;	at org.junit.internal.builders.JUnit3Builder.runnerForClass(JUnit3Builder.java:11)&#10;	at org.junit.runners.model.RunnerBuilder.safeRunnerForClass(RunnerBuilder.java:59)&#10;	at org.junit.internal.builders.AllDefaultPossibilitiesBuilder.runnerForClass(AllDefaultPossibilitiesBuilder.java:26)&#10;	at org.junit.runners.model.RunnerBuilder.safeRunnerForClass(RunnerBuilder.java:59)&#10;	at org.junit.internal.requests.ClassRequest.getRunner(ClassRequest.java:26)&#10;	at org.apache.maven.surefire.junit4.JUnit4Provider.execute(JUnit4Provider.java:362)&#10;	at org.apache.maven.surefire.junit4.JUnit4Provider.executeWithRerun(JUnit4Provider.java:273)&#10;	at org.apache.maven.surefire.junit4.JUnit4Provider.executeTestSet(JUnit4Provider.java:238)&#10;	at org.apache.maven.surefire.junit4.JUnit4Provider.invoke(JUnit4Provider.java:159)&#10;	at org.apache.maven.surefire.booter.ForkedBooter.invokeProviderInSameClassLoader(ForkedBooter.java:384)&#10;	at org.apache.maven.surefire.booter.ForkedBooter.runSuitesInProcess(ForkedBooter.java:345)&#10;	at org.apache.maven.surefire.booter.ForkedBooter.execute(ForkedBooter.java:126)&#10;	at org.apache.maven.surefire.booter.ForkedBooter.main(ForkedBooter.java:418)&#10;Caused by: java.lang.ClassNotFoundException: org.apache.commons.dbutils.ResultSetHandler&#10;	at java.net.URLClassLoader.findClass(URLClassLoader.java:382)&#10;	at java.lang.ClassLoader.loadClass(ClassLoader.java:418)&#10;	at sun.misc.Launcher$AppClassLoader.loadClass(Launcher.java:355)&#10;	at java.lang.ClassLoader.loadClass(ClassLoader.java:351)&#10;	... 24 more&#10;)" type="junit.framework.AssertionFailedError"><![CDATA[junit.framework.AssertionFailedError: 
Exception in constructor: testLogin (java.lang.NoClassDefFoundError: org/apache/commons/dbutils/ResultSetHandler
	at com.wzx.service.impl.UserServiceImpl.<init>(UserServiceImpl.java:9)
	at com.wzx.service.impl.UserServiceImplTest.<init>(UserServiceImplTest.java:9)
	at sun.reflect.NativeConstructorAccessorImpl.newInstance0(Native Method)
	at sun.reflect.NativeConstructorAccessorImpl.newInstance(NativeConstructorAccessorImpl.java:62)
	at sun.reflect.DelegatingConstructorAccessorImpl.newInstance(DelegatingConstructorAccessorImpl.java:45)
	at java.lang.reflect.Constructor.newInstance(Constructor.java:423)
	at junit.framework.TestSuite.createTest(TestSuite.java:63)
	at junit.framework.TestSuite.addTestMethod(TestSuite.java:310)
	at junit.framework.TestSuite.addTestsFromTestCase(TestSuite.java:153)
	at junit.framework.TestSuite.<init>(TestSuite.java:132)
	at org.junit.internal.runners.JUnit38ClassRunner.<init>(JUnit38ClassRunner.java:72)
	at org.junit.internal.builders.JUnit3Builder.runnerForClass(JUnit3Builder.java:11)
	at org.junit.runners.model.RunnerBuilder.safeRunnerForClass(RunnerBuilder.java:59)
	at org.junit.internal.builders.AllDefaultPossibilitiesBuilder.runnerForClass(AllDefaultPossibilitiesBuilder.java:26)
	at org.junit.runners.model.RunnerBuilder.safeRunnerForClass(RunnerBuilder.java:59)
	at org.junit.internal.requests.ClassRequest.getRunner(ClassRequest.java:26)
	at org.apache.maven.surefire.junit4.JUnit4Provider.execute(JUnit4Provider.java:362)
	at org.apache.maven.surefire.junit4.JUnit4Provider.executeWithRerun(JUnit4Provider.java:273)
	at org.apache.maven.surefire.junit4.JUnit4Provider.executeTestSet(JUnit4Provider.java:238)
	at org.apache.maven.surefire.junit4.JUnit4Provider.invoke(JUnit4Provider.java:159)
	at org.apache.maven.surefire.booter.ForkedBooter.invokeProviderInSameClassLoader(ForkedBooter.java:384)
	at org.apache.maven.surefire.booter.ForkedBooter.runSuitesInProcess(ForkedBooter.java:345)
	at org.apache.maven.surefire.booter.ForkedBooter.execute(ForkedBooter.java:126)
	at org.apache.maven.surefire.booter.ForkedBooter.main(ForkedBooter.java:418)
Caused by: java.lang.ClassNotFoundException: org.apache.commons.dbutils.ResultSetHandler
	at java.net.URLClassLoader.findClass(URLClassLoader.java:382)
	at java.lang.ClassLoader.loadClass(ClassLoader.java:418)
	at sun.misc.Launcher$AppClassLoader.loadClass(Launcher.java:355)
	at java.lang.ClassLoader.loadClass(ClassLoader.java:351)
	... 24 more
)
	at junit.framework.TestSuite$1.runTest(TestSuite.java:100)
]]></failure>
  </testcase>
  <testcase name="warning" classname="junit.framework.TestSuite$1" time="0.001">
    <failure message="Exception in constructor: testRegisterUser (java.lang.NoClassDefFoundError: org/apache/commons/dbutils/ResultSetHandler&#10;	at com.wzx.service.impl.UserServiceImpl.&lt;init&gt;(UserServiceImpl.java:9)&#10;	at com.wzx.service.impl.UserServiceImplTest.&lt;init&gt;(UserServiceImplTest.java:9)&#10;	at sun.reflect.NativeConstructorAccessorImpl.newInstance0(Native Method)&#10;	at sun.reflect.NativeConstructorAccessorImpl.newInstance(NativeConstructorAccessorImpl.java:62)&#10;	at sun.reflect.DelegatingConstructorAccessorImpl.newInstance(DelegatingConstructorAccessorImpl.java:45)&#10;	at java.lang.reflect.Constructor.newInstance(Constructor.java:423)&#10;	at junit.framework.TestSuite.createTest(TestSuite.java:63)&#10;	at junit.framework.TestSuite.addTestMethod(TestSuite.java:310)&#10;	at junit.framework.TestSuite.addTestsFromTestCase(TestSuite.java:153)&#10;	at junit.framework.TestSuite.&lt;init&gt;(TestSuite.java:132)&#10;	at org.junit.internal.runners.JUnit38ClassRunner.&lt;init&gt;(JUnit38ClassRunner.java:72)&#10;	at org.junit.internal.builders.JUnit3Builder.runnerForClass(JUnit3Builder.java:11)&#10;	at org.junit.runners.model.RunnerBuilder.safeRunnerForClass(RunnerBuilder.java:59)&#10;	at org.junit.internal.builders.AllDefaultPossibilitiesBuilder.runnerForClass(AllDefaultPossibilitiesBuilder.java:26)&#10;	at org.junit.runners.model.RunnerBuilder.safeRunnerForClass(RunnerBuilder.java:59)&#10;	at org.junit.internal.requests.ClassRequest.getRunner(ClassRequest.java:26)&#10;	at org.apache.maven.surefire.junit4.JUnit4Provider.execute(JUnit4Provider.java:362)&#10;	at org.apache.maven.surefire.junit4.JUnit4Provider.executeWithRerun(JUnit4Provider.java:273)&#10;	at org.apache.maven.surefire.junit4.JUnit4Provider.executeTestSet(JUnit4Provider.java:238)&#10;	at org.apache.maven.surefire.junit4.JUnit4Provider.invoke(JUnit4Provider.java:159)&#10;	at org.apache.maven.surefire.booter.ForkedBooter.invokeProviderInSameClassLoader(ForkedBooter.java:384)&#10;	at org.apache.maven.surefire.booter.ForkedBooter.runSuitesInProcess(ForkedBooter.java:345)&#10;	at org.apache.maven.surefire.booter.ForkedBooter.execute(ForkedBooter.java:126)&#10;	at org.apache.maven.surefire.booter.ForkedBooter.main(ForkedBooter.java:418)&#10;Caused by: java.lang.ClassNotFoundException: org.apache.commons.dbutils.ResultSetHandler&#10;	at java.net.URLClassLoader.findClass(URLClassLoader.java:382)&#10;	at java.lang.ClassLoader.loadClass(ClassLoader.java:418)&#10;	at sun.misc.Launcher$AppClassLoader.loadClass(Launcher.java:355)&#10;	at java.lang.ClassLoader.loadClass(ClassLoader.java:351)&#10;	... 24 more&#10;)" type="junit.framework.AssertionFailedError"><![CDATA[junit.framework.AssertionFailedError: 
Exception in constructor: testRegisterUser (java.lang.NoClassDefFoundError: org/apache/commons/dbutils/ResultSetHandler
	at com.wzx.service.impl.UserServiceImpl.<init>(UserServiceImpl.java:9)
	at com.wzx.service.impl.UserServiceImplTest.<init>(UserServiceImplTest.java:9)
	at sun.reflect.NativeConstructorAccessorImpl.newInstance0(Native Method)
	at sun.reflect.NativeConstructorAccessorImpl.newInstance(NativeConstructorAccessorImpl.java:62)
	at sun.reflect.DelegatingConstructorAccessorImpl.newInstance(DelegatingConstructorAccessorImpl.java:45)
	at java.lang.reflect.Constructor.newInstance(Constructor.java:423)
	at junit.framework.TestSuite.createTest(TestSuite.java:63)
	at junit.framework.TestSuite.addTestMethod(TestSuite.java:310)
	at junit.framework.TestSuite.addTestsFromTestCase(TestSuite.java:153)
	at junit.framework.TestSuite.<init>(TestSuite.java:132)
	at org.junit.internal.runners.JUnit38ClassRunner.<init>(JUnit38ClassRunner.java:72)
	at org.junit.internal.builders.JUnit3Builder.runnerForClass(JUnit3Builder.java:11)
	at org.junit.runners.model.RunnerBuilder.safeRunnerForClass(RunnerBuilder.java:59)
	at org.junit.internal.builders.AllDefaultPossibilitiesBuilder.runnerForClass(AllDefaultPossibilitiesBuilder.java:26)
	at org.junit.runners.model.RunnerBuilder.safeRunnerForClass(RunnerBuilder.java:59)
	at org.junit.internal.requests.ClassRequest.getRunner(ClassRequest.java:26)
	at org.apache.maven.surefire.junit4.JUnit4Provider.execute(JUnit4Provider.java:362)
	at org.apache.maven.surefire.junit4.JUnit4Provider.executeWithRerun(JUnit4Provider.java:273)
	at org.apache.maven.surefire.junit4.JUnit4Provider.executeTestSet(JUnit4Provider.java:238)
	at org.apache.maven.surefire.junit4.JUnit4Provider.invoke(JUnit4Provider.java:159)
	at org.apache.maven.surefire.booter.ForkedBooter.invokeProviderInSameClassLoader(ForkedBooter.java:384)
	at org.apache.maven.surefire.booter.ForkedBooter.runSuitesInProcess(ForkedBooter.java:345)
	at org.apache.maven.surefire.booter.ForkedBooter.execute(ForkedBooter.java:126)
	at org.apache.maven.surefire.booter.ForkedBooter.main(ForkedBooter.java:418)
Caused by: java.lang.ClassNotFoundException: org.apache.commons.dbutils.ResultSetHandler
	at java.net.URLClassLoader.findClass(URLClassLoader.java:382)
	at java.lang.ClassLoader.loadClass(ClassLoader.java:418)
	at sun.misc.Launcher$AppClassLoader.loadClass(Launcher.java:355)
	at java.lang.ClassLoader.loadClass(ClassLoader.java:351)
	... 24 more
)
	at junit.framework.TestSuite$1.runTest(TestSuite.java:100)
]]></failure>
  </testcase>
</testsuite>